[2025-03-20T19:36:46.914+0000] {local_task_job_runner.py:123} INFO - ::group::Pre task execution logs
[2025-03-20T19:36:46.948+0000] {taskinstance.py:2614} INFO - Dependencies all met for dep_context=non-requeueable deps ti=<TaskInstance: store_json_to_postgres.insert_json_to_db manual__2025-03-20T19:36:44.897289+00:00 [queued]>
[2025-03-20T19:36:46.967+0000] {taskinstance.py:2614} INFO - Dependencies all met for dep_context=requeueable deps ti=<TaskInstance: store_json_to_postgres.insert_json_to_db manual__2025-03-20T19:36:44.897289+00:00 [queued]>
[2025-03-20T19:36:46.968+0000] {taskinstance.py:2867} INFO - Starting attempt 1 of 1
[2025-03-20T19:36:46.995+0000] {taskinstance.py:2890} INFO - Executing <Task(PythonOperator): insert_json_to_db> on 2025-03-20 19:36:44.897289+00:00
[2025-03-20T19:36:47.008+0000] {logging_mixin.py:190} WARNING - /home/***/.local/lib/python3.12/site-packages/***/task/task_runner/standard_task_runner.py:70 DeprecationWarning: This process (pid=576) is multi-threaded, use of fork() may lead to deadlocks in the child.
[2025-03-20T19:36:47.009+0000] {standard_task_runner.py:72} INFO - Started process 577 to run task
[2025-03-20T19:36:47.011+0000] {standard_task_runner.py:104} INFO - Running: ['***', 'tasks', 'run', 'store_json_to_postgres', 'insert_json_to_db', 'manual__2025-03-20T19:36:44.897289+00:00', '--job-id', '35', '--raw', '--subdir', 'DAGS_FOLDER/store_json_to_postgres.py', '--cfg-path', '/tmp/tmpkec0rd_c']
[2025-03-20T19:36:47.016+0000] {standard_task_runner.py:105} INFO - Job 35: Subtask insert_json_to_db
[2025-03-20T19:36:47.036+0000] {logging_mixin.py:190} WARNING - /home/***/.local/lib/python3.12/site-packages/***/settings.py:209 DeprecationWarning: The sql_alchemy_conn option in [core] has been moved to the sql_alchemy_conn option in [database] - the old setting has been used, but please update your config.
[2025-03-20T19:36:47.093+0000] {task_command.py:467} INFO - Running <TaskInstance: store_json_to_postgres.insert_json_to_db manual__2025-03-20T19:36:44.897289+00:00 [running]> on host 12f5bb7f6747
[2025-03-20T19:36:47.258+0000] {taskinstance.py:3134} INFO - Exporting env vars: AIRFLOW_CTX_DAG_OWNER='***' AIRFLOW_CTX_DAG_ID='store_json_to_postgres' AIRFLOW_CTX_TASK_ID='insert_json_to_db' AIRFLOW_CTX_EXECUTION_DATE='2025-03-20T19:36:44.897289+00:00' AIRFLOW_CTX_TRY_NUMBER='1' AIRFLOW_CTX_DAG_RUN_ID='manual__2025-03-20T19:36:44.897289+00:00'
[2025-03-20T19:36:47.261+0000] {taskinstance.py:732} INFO - ::endgroup::
[2025-03-20T19:36:47.347+0000] {store_json_to_postgres.py:27} INFO - Checking file: /opt/***/Output/Nepal_Profile.json
[2025-03-20T19:36:47.370+0000] {base.py:84} INFO - Retrieving connection 'postgres_default'
[2025-03-20T19:36:48.693+0000] {store_json_to_postgres.py:41} INFO - Total records to insert: 4831
[2025-03-20T19:36:48.889+0000] {store_json_to_postgres.py:55} INFO - Inserted batch 1 (500 records)
[2025-03-20T19:36:49.136+0000] {store_json_to_postgres.py:55} INFO - Inserted batch 2 (500 records)
[2025-03-20T19:36:49.446+0000] {store_json_to_postgres.py:55} INFO - Inserted batch 3 (500 records)
[2025-03-20T19:36:49.841+0000] {store_json_to_postgres.py:55} INFO - Inserted batch 4 (500 records)
[2025-03-20T19:36:50.190+0000] {store_json_to_postgres.py:55} INFO - Inserted batch 5 (500 records)
[2025-03-20T19:36:50.518+0000] {store_json_to_postgres.py:55} INFO - Inserted batch 6 (500 records)
[2025-03-20T19:36:50.979+0000] {store_json_to_postgres.py:55} INFO - Inserted batch 7 (500 records)
[2025-03-20T19:36:51.242+0000] {store_json_to_postgres.py:55} INFO - Inserted batch 8 (500 records)
[2025-03-20T19:36:51.739+0000] {store_json_to_postgres.py:55} INFO - Inserted batch 9 (500 records)
[2025-03-20T19:36:51.951+0000] {store_json_to_postgres.py:55} INFO - Inserted batch 10 (331 records)
[2025-03-20T19:36:51.952+0000] {store_json_to_postgres.py:60} INFO - Successfully inserted all data into PostgreSQL!
[2025-03-20T19:36:51.956+0000] {python.py:240} INFO - Done. Returned value was: None
[2025-03-20T19:36:51.970+0000] {taskinstance.py:341} INFO - ::group::Post task execution logs
[2025-03-20T19:36:51.971+0000] {taskinstance.py:353} INFO - Marking task as SUCCESS. dag_id=store_json_to_postgres, task_id=insert_json_to_db, run_id=manual__2025-03-20T19:36:44.897289+00:00, execution_date=20250320T193644, start_date=20250320T193646, end_date=20250320T193651
[2025-03-20T19:36:52.045+0000] {local_task_job_runner.py:266} INFO - Task exited with return code 0
[2025-03-20T19:36:52.064+0000] {local_task_job_runner.py:245} INFO - ::endgroup::
