[2025-03-20T23:49:37.956+0000] {local_task_job_runner.py:123} INFO - ::group::Pre task execution logs
[2025-03-20T23:49:38.002+0000] {taskinstance.py:2614} INFO - Dependencies all met for dep_context=non-requeueable deps ti=<TaskInstance: store_json_to_postgres.insert_json_to_db manual__2025-03-20T23:49:35.644263+00:00 [queued]>
[2025-03-20T23:49:38.021+0000] {taskinstance.py:2614} INFO - Dependencies all met for dep_context=requeueable deps ti=<TaskInstance: store_json_to_postgres.insert_json_to_db manual__2025-03-20T23:49:35.644263+00:00 [queued]>
[2025-03-20T23:49:38.022+0000] {taskinstance.py:2867} INFO - Starting attempt 1 of 1
[2025-03-20T23:49:38.049+0000] {taskinstance.py:2890} INFO - Executing <Task(PythonOperator): insert_json_to_db> on 2025-03-20 23:49:35.644263+00:00
[2025-03-20T23:49:38.065+0000] {logging_mixin.py:190} WARNING - /home/***/.local/lib/python3.12/site-packages/***/task/task_runner/standard_task_runner.py:70 DeprecationWarning: This process (pid=758) is multi-threaded, use of fork() may lead to deadlocks in the child.
[2025-03-20T23:49:38.069+0000] {standard_task_runner.py:72} INFO - Started process 759 to run task
[2025-03-20T23:49:38.067+0000] {standard_task_runner.py:104} INFO - Running: ['***', 'tasks', 'run', 'store_json_to_postgres', 'insert_json_to_db', 'manual__2025-03-20T23:49:35.644263+00:00', '--job-id', '46', '--raw', '--subdir', 'DAGS_FOLDER/store_json_to_postgres.py', '--cfg-path', '/tmp/tmpr5p67t55']
[2025-03-20T23:49:38.071+0000] {standard_task_runner.py:105} INFO - Job 46: Subtask insert_json_to_db
[2025-03-20T23:49:38.099+0000] {logging_mixin.py:190} WARNING - /home/***/.local/lib/python3.12/site-packages/***/settings.py:209 DeprecationWarning: The sql_alchemy_conn option in [core] has been moved to the sql_alchemy_conn option in [database] - the old setting has been used, but please update your config.
[2025-03-20T23:49:38.185+0000] {task_command.py:467} INFO - Running <TaskInstance: store_json_to_postgres.insert_json_to_db manual__2025-03-20T23:49:35.644263+00:00 [running]> on host 12f5bb7f6747
[2025-03-20T23:49:38.424+0000] {taskinstance.py:3134} INFO - Exporting env vars: AIRFLOW_CTX_DAG_OWNER='***' AIRFLOW_CTX_DAG_ID='store_json_to_postgres' AIRFLOW_CTX_TASK_ID='insert_json_to_db' AIRFLOW_CTX_EXECUTION_DATE='2025-03-20T23:49:35.644263+00:00' AIRFLOW_CTX_TRY_NUMBER='1' AIRFLOW_CTX_DAG_RUN_ID='manual__2025-03-20T23:49:35.644263+00:00'
[2025-03-20T23:49:38.426+0000] {taskinstance.py:732} INFO - ::endgroup::
[2025-03-20T23:49:38.467+0000] {store_json_to_postgres.py:27} INFO - Checking file: /opt/***/Output/Nepal_Profile.json
[2025-03-20T23:49:38.493+0000] {base.py:84} INFO - Retrieving connection 'postgres_default'
[2025-03-20T23:49:38.839+0000] {store_json_to_postgres.py:41} INFO - Total records to insert: 3108
[2025-03-20T23:49:39.151+0000] {store_json_to_postgres.py:55} INFO - Inserted batch 1 (500 records)
[2025-03-20T23:49:39.596+0000] {store_json_to_postgres.py:55} INFO - Inserted batch 2 (500 records)
[2025-03-20T23:49:39.961+0000] {store_json_to_postgres.py:55} INFO - Inserted batch 3 (500 records)
[2025-03-20T23:49:40.558+0000] {store_json_to_postgres.py:55} INFO - Inserted batch 4 (500 records)
[2025-03-20T23:49:40.823+0000] {store_json_to_postgres.py:55} INFO - Inserted batch 5 (500 records)
[2025-03-20T23:49:41.340+0000] {store_json_to_postgres.py:55} INFO - Inserted batch 6 (500 records)
[2025-03-20T23:49:41.400+0000] {store_json_to_postgres.py:55} INFO - Inserted batch 7 (108 records)
[2025-03-20T23:49:41.402+0000] {store_json_to_postgres.py:60} INFO - Successfully inserted all data into PostgreSQL!
[2025-03-20T23:49:41.409+0000] {python.py:240} INFO - Done. Returned value was: None
[2025-03-20T23:49:41.430+0000] {taskinstance.py:341} INFO - ::group::Post task execution logs
[2025-03-20T23:49:41.432+0000] {taskinstance.py:353} INFO - Marking task as SUCCESS. dag_id=store_json_to_postgres, task_id=insert_json_to_db, run_id=manual__2025-03-20T23:49:35.644263+00:00, execution_date=20250320T234935, start_date=20250320T234938, end_date=20250320T234941
[2025-03-20T23:49:41.502+0000] {local_task_job_runner.py:266} INFO - Task exited with return code 0
[2025-03-20T23:49:41.544+0000] {taskinstance.py:3901} INFO - 0 downstream tasks scheduled from follow-on schedule check
[2025-03-20T23:49:41.548+0000] {local_task_job_runner.py:245} INFO - ::endgroup::
